mode: set
go-enigma-laundry/delivery/controller/customer_controller.go:18.65,20.57 2 1
go-enigma-laundry/delivery/controller/customer_controller.go:20.57,26.3 1 1
go-enigma-laundry/delivery/controller/customer_controller.go:28.2,29.16 2 1
go-enigma-laundry/delivery/controller/customer_controller.go:29.16,35.3 1 1
go-enigma-laundry/delivery/controller/customer_controller.go:36.2,40.3 1 1
go-enigma-laundry/delivery/controller/customer_controller.go:43.67,47.16 4 0
go-enigma-laundry/delivery/controller/customer_controller.go:47.16,53.3 1 0
go-enigma-laundry/delivery/controller/customer_controller.go:54.2,61.3 3 0
go-enigma-laundry/delivery/controller/customer_controller.go:64.64,67.16 3 0
go-enigma-laundry/delivery/controller/customer_controller.go:67.16,72.3 2 0
go-enigma-laundry/delivery/controller/customer_controller.go:73.2,76.4 1 0
go-enigma-laundry/delivery/controller/customer_controller.go:80.66,83.16 3 0
go-enigma-laundry/delivery/controller/customer_controller.go:83.16,88.3 2 0
go-enigma-laundry/delivery/controller/customer_controller.go:89.2,91.4 1 0
go-enigma-laundry/delivery/controller/customer_controller.go:94.62,96.54 2 0
go-enigma-laundry/delivery/controller/customer_controller.go:96.54,101.3 2 0
go-enigma-laundry/delivery/controller/customer_controller.go:102.2,103.16 2 0
go-enigma-laundry/delivery/controller/customer_controller.go:103.16,108.3 2 0
go-enigma-laundry/delivery/controller/customer_controller.go:109.2,112.4 1 0
go-enigma-laundry/delivery/controller/customer_controller.go:115.38,122.2 6 0
go-enigma-laundry/delivery/controller/customer_controller.go:124.95,129.2 1 1
go-enigma-laundry/delivery/controller/service_controller.go:16.64,18.56 2 0
go-enigma-laundry/delivery/controller/service_controller.go:18.56,23.3 2 0
go-enigma-laundry/delivery/controller/service_controller.go:24.2,25.16 2 0
go-enigma-laundry/delivery/controller/service_controller.go:25.16,30.3 2 0
go-enigma-laundry/delivery/controller/service_controller.go:31.2,34.4 1 0
go-enigma-laundry/delivery/controller/service_controller.go:38.62,40.16 2 0
go-enigma-laundry/delivery/controller/service_controller.go:40.16,45.3 2 0
go-enigma-laundry/delivery/controller/service_controller.go:46.2,49.4 1 0
go-enigma-laundry/delivery/controller/service_controller.go:52.37,56.2 3 0
go-enigma-laundry/delivery/controller/service_controller.go:58.92,63.2 1 0
go-enigma-laundry/delivery/controller/transaction_controller.go:17.69,19.52 2 0
go-enigma-laundry/delivery/controller/transaction_controller.go:19.52,24.3 2 0
go-enigma-laundry/delivery/controller/transaction_controller.go:25.2,26.16 2 0
go-enigma-laundry/delivery/controller/transaction_controller.go:26.16,31.3 2 0
go-enigma-laundry/delivery/controller/transaction_controller.go:32.2,35.4 1 0
go-enigma-laundry/delivery/controller/transaction_controller.go:38.70,40.16 2 0
go-enigma-laundry/delivery/controller/transaction_controller.go:40.16,45.3 2 0
go-enigma-laundry/delivery/controller/transaction_controller.go:46.2,49.4 1 0
go-enigma-laundry/delivery/controller/transaction_controller.go:54.41,58.2 3 0
go-enigma-laundry/delivery/controller/transaction_controller.go:60.104,65.2 1 0
